[2025-01-18 20:10:34] [logger] error: uncaughtException: Expected a string but received a undefined
TypeError: Expected a string but received a undefined
    at assertString (C:\cobaNode\SFTP\node_modules\validator\lib\util\assertString.js:13:11)
    at ltrim (C:\cobaNode\SFTP\node_modules\validator\lib\ltrim.js:10:29)
    at Object.trim (C:\cobaNode\SFTP\node_modules\validator\lib\trim.js:11:49)
    at sanitization (file:///C:/cobaNode/SFTP/src/validation/register.js:5:42)
    at registerValid (file:///C:/cobaNode/SFTP/src/validation/register.js:13:19)
    at saveSignup (file:///C:/cobaNode/SFTP/src/controller/auth.js:12:24)
    at Layer.handle [as handle_request] (C:\cobaNode\SFTP\node_modules\express\lib\router\layer.js:95:5)
    at next (C:\cobaNode\SFTP\node_modules\express\lib\router\route.js:149:13)
    at Route.dispatch (C:\cobaNode\SFTP\node_modules\express\lib\router\route.js:119:3)
    at Layer.handle [as handle_request] (C:\cobaNode\SFTP\node_modules\express\lib\router\layer.js:95:5)
[2025-01-18 20:12:16] [logger] error: uncaughtException: Expected a string but received a undefined
TypeError: Expected a string but received a undefined
    at assertString (C:\cobaNode\SFTP\node_modules\validator\lib\util\assertString.js:13:11)
    at ltrim (C:\cobaNode\SFTP\node_modules\validator\lib\ltrim.js:10:29)
    at Object.trim (C:\cobaNode\SFTP\node_modules\validator\lib\trim.js:11:49)
    at sanitization (file:///C:/cobaNode/SFTP/src/validation/register.js:5:42)
    at registerValid (file:///C:/cobaNode/SFTP/src/validation/register.js:13:19)
    at saveSignup (file:///C:/cobaNode/SFTP/src/controller/auth.js:12:24)
    at Layer.handle [as handle_request] (C:\cobaNode\SFTP\node_modules\express\lib\router\layer.js:95:5)
    at next (C:\cobaNode\SFTP\node_modules\express\lib\router\route.js:149:13)
    at Route.dispatch (C:\cobaNode\SFTP\node_modules\express\lib\router\route.js:119:3)
    at Layer.handle [as handle_request] (C:\cobaNode\SFTP\node_modules\express\lib\router\layer.js:95:5)
[2025-01-18 20:52:09] [logger] error: uncaughtException: check is not defined
ReferenceError: check is not defined
    at registerValid (file:///C:/cobaNode/SFTP/src/validation/register.js:23:9)
    at saveSignup (file:///C:/cobaNode/SFTP/src/controller/auth.js:12:24)
    at Layer.handle [as handle_request] (C:\cobaNode\SFTP\node_modules\express\lib\router\layer.js:95:5)
    at next (C:\cobaNode\SFTP\node_modules\express\lib\router\route.js:149:13)
    at Route.dispatch (C:\cobaNode\SFTP\node_modules\express\lib\router\route.js:119:3)
    at Layer.handle [as handle_request] (C:\cobaNode\SFTP\node_modules\express\lib\router\layer.js:95:5)
    at C:\cobaNode\SFTP\node_modules\express\lib\router\index.js:284:15
    at Function.process_params (C:\cobaNode\SFTP\node_modules\express\lib\router\index.js:346:12)
    at next (C:\cobaNode\SFTP\node_modules\express\lib\router\index.js:280:10)
    at Function.handle (C:\cobaNode\SFTP\node_modules\express\lib\router\index.js:175:3)
